<?xml version="1.0" encoding="UTF-8"?>
<!-- Generated by org.testng.reporters.JUnitReportReporter -->
<testsuite hostname="DESKTOP-2L70A79" failures="0" tests="1" name="testRunner.Test1" time="14.725" errors="0" timestamp="2023-09-13T08:31:09 IST" skipped="0">
  <testcase classname="testRunner.Test1" name="runScenario" time="14.725"/>
  <system-out/>
</testsuite> <!-- testRunner.Test1 -->
